#
# There is insufficient memory for the Java Runtime Environment to continue.
# Native memory allocation (malloc) failed to allocate 513264 bytes for Chunk::new
# Possible reasons:
#   The system is out of physical RAM or swap space
#   The process is running with CompressedOops enabled, and the Java Heap may be blocking the growth of the native heap
# Possible solutions:
#   Reduce memory load on the system
#   Increase physical memory or swap space
#   Check if swap backing store is full
#   Decrease Java heap size (-Xmx/-Xms)
#   Decrease number of Java threads
#   Decrease Java thread stack sizes (-Xss)
#   Set larger code cache with -XX:ReservedCodeCacheSize=
#   JVM is running with Unscaled Compressed Oops mode in which the Java heap is
#     placed in the first 4GB address space. The Java Heap base address is the
#     maximum limit for the native heap growth. Please use -XX:HeapBaseMinAddress
#     to set the Java Heap base and to place the Java Heap above 4GB virtual address.
# This output file may be truncated or incomplete.
#
#  Out of Memory Error (./open/src/hotspot/share/memory/arena.cpp:195), pid=13092, tid=12132
#
# JRE version: Java(TM) SE Runtime Environment (15.0+36) (build 15+36-1562)
# Java VM: Java HotSpot(TM) 64-Bit Server VM (15+36-1562, mixed mode, sharing, tiered, compressed oops, g1 gc, windows-amd64)
# No core dump will be written. Minidumps are not enabled by default on client versions of Windows
#

---------------  S U M M A R Y ------------

Command Line: -ea -Didea.test.cyclic.buffer.size=1048576 -javaagent:D:\Program Files\JetBrains\IntelliJ IDEA 2020.2.2\lib\idea_rt.jar=57311:D:\Program Files\JetBrains\IntelliJ IDEA 2020.2.2\bin -Dfile.encoding=UTF-8 com.intellij.rt.junit.JUnitStarter -ideVersion5 -junit5 com.sicnu.wagesystems.mapper.OrdinaryUserMapperTest,splitByPage

Host: Intel(R) Pentium(R) CPU 4415Y @ 1.60GHz, 4 cores, 3G,  Windows 10 , 64 bit Build 18362 (10.0.18362.1110)
Time: Thu Dec  3 15:38:12 2020 ?D1¨²¡À¨º¡Á?¨º¡À?? elapsed time: 43.600205 seconds (0d 0h 0m 43s)

---------------  T H R E A D  ---------------

Current thread (0x000002231dbc9090):  JavaThread "C2 CompilerThread0" daemon [_thread_in_native, id=12132, stack(0x000000b129800000,0x000000b129900000)]


Current CompileTask:
C2:  43600 4407   !   4       java.net.URL::<init> (543 bytes)

Stack: [0x000000b129800000,0x000000b129900000]
Native frames: (J=compiled Java code, j=interpreted, Vv=VM code, C=native code)
V  [jvm.dll+0x629eaa]
V  [jvm.dll+0x780379]
V  [jvm.dll+0x781ad3]
V  [jvm.dll+0x782133]
V  [jvm.dll+0x2159d5]
V  [jvm.dll+0x9794a]
V  [jvm.dll+0x9802c]
V  [jvm.dll+0x32dc35]
V  [jvm.dll+0x18db3a]
V  [jvm.dll+0x1e9ef2]
V  [jvm.dll+0x1e903e]
V  [jvm.dll+0x177f17]
V  [jvm.dll+0x1f88f5]
V  [jvm.dll+0x1f699c]
V  [jvm.dll+0x74384d]
V  [jvm.dll+0x73c64a]
V  [jvm.dll+0x628d16]
C  [ucrtbase.dll+0x210b2]
C  [KERNEL32.DLL+0x17c24]
C  [ntdll.dll+0x6d4d1]


---------------  P R O C E S S  ---------------

Threads class SMR info:
_java_thread_list=0x000002232111b1b0, length=15, elements={
0x000002230008fe10, 0x000002231dba4670, 0x000002231dba5150, 0x000002231dbc4100,
0x000002231dbc69d0, 0x000002231dbc7390, 0x000002231dbc9090, 0x000002231dbc9b40,
0x000002231dc3dc50, 0x0000022300146a00, 0x000002231e601480, 0x000002231e601950,
0x000002231f7c0c00, 0x000002231f7bb090, 0x000002231f7bef20
}

Java Threads: ( => current thread )
  0x000002230008fe10 JavaThread "main" [_thread_in_Java, id=6204, stack(0x000000b128c00000,0x000000b128d00000)]
  0x000002231dba4670 JavaThread "Reference Handler" daemon [_thread_blocked, id=8352, stack(0x000000b129300000,0x000000b129400000)]
  0x000002231dba5150 JavaThread "Finalizer" daemon [_thread_blocked, id=13120, stack(0x000000b129400000,0x000000b129500000)]
  0x000002231dbc4100 JavaThread "Signal Dispatcher" daemon [_thread_blocked, id=992, stack(0x000000b129500000,0x000000b129600000)]
  0x000002231dbc69d0 JavaThread "Attach Listener" daemon [_thread_blocked, id=7912, stack(0x000000b129600000,0x000000b129700000)]
  0x000002231dbc7390 JavaThread "Service Thread" daemon [_thread_blocked, id=1552, stack(0x000000b129700000,0x000000b129800000)]
=>0x000002231dbc9090 JavaThread "C2 CompilerThread0" daemon [_thread_in_native, id=12132, stack(0x000000b129800000,0x000000b129900000)]
  0x000002231dbc9b40 JavaThread "C1 CompilerThread0" daemon [_thread_in_vm, id=13204, stack(0x000000b129900000,0x000000b129a00000)]
  0x000002231dc3dc50 JavaThread "Sweeper thread" daemon [_thread_blocked, id=14008, stack(0x000000b129a00000,0x000000b129b00000)]
  0x0000022300146a00 JavaThread "Common-Cleaner" daemon [_thread_blocked, id=13268, stack(0x000000b129b00000,0x000000b129c00000)]
  0x000002231e601480 JavaThread "Monitor Ctrl-Break" daemon [_thread_in_native, id=12000, stack(0x000000b129c00000,0x000000b129d00000)]
  0x000002231e601950 JavaThread "Notification Thread" daemon [_thread_blocked, id=13368, stack(0x000000b129d00000,0x000000b129e00000)]
  0x000002231f7c0c00 JavaThread "mysql-cj-abandoned-connection-cleanup" daemon [_thread_blocked, id=14040, stack(0x000000b12a100000,0x000000b12a200000)]
  0x000002231f7bb090 JavaThread "Druid-ConnectionPool-Create-1583001542" daemon [_thread_blocked, id=14560, stack(0x000000b12a400000,0x000000b12a500000)]
  0x000002231f7bef20 JavaThread "Druid-ConnectionPool-Destroy-1583001542" daemon [_thread_blocked, id=1964, stack(0x000000b12a500000,0x000000b12a600000)]

Other Threads:
  0x000002231db9e720 VMThread "VM Thread" [stack: 0x000000b129200000,0x000000b129300000] [id=5268]
  0x0000022300090bf0 WatcherThread [stack: 0x000000b129e00000,0x000000b129f00000] [id=13972]
  0x00000223000bf770 GCTaskThread "GC Thread#0" [stack: 0x000000b128d00000,0x000000b128e00000] [id=15964]
  0x000002231e989320 GCTaskThread "GC Thread#1" [stack: 0x000000b129f00000,0x000000b12a000000] [id=1156]
  0x000002231e98a970 GCTaskThread "GC Thread#2" [stack: 0x000000b12a200000,0x000000b12a300000] [id=16308]
  0x000002231e988cc0 GCTaskThread "GC Thread#3" [stack: 0x000000b12a300000,0x000000b12a400000] [id=15620]
  0x00000223000ca470 ConcurrentGCThread "G1 Main Marker" [stack: 0x000000b128e00000,0x000000b128f00000] [id=13856]
  0x00000223000caf70 ConcurrentGCThread "G1 Conc#0" [stack: 0x000000b128f00000,0x000000b129000000] [id=13704]
  0x0000022300117350 ConcurrentGCThread "G1 Refine#0" [stack: 0x000000b129000000,0x000000b129100000] [id=5364]
  0x000002231f15ac20 ConcurrentGCThread "G1 Refine#1" [stack: 0x000000b12a000000,0x000000b12a100000] [id=10520]
  0x0000022300117e60 ConcurrentGCThread "G1 Young RemSet Sampling" [stack: 0x000000b129100000,0x000000b129200000] [id=12960]

Threads with active compile tasks:
C2 CompilerThread0    43720 4407   !   4       java.net.URL::<init> (543 bytes)
C1 CompilerThread0    43720 4423       3       net.bytebuddy.description.type.TypeDefinition$Sort::describe (127 bytes)

VM state: not at safepoint (normal execution)

VM Mutex/Monitor currently owned by a thread: None

Heap address: 0x00000000c1c00000, size: 996 MB, Compressed Oops mode: 32-bit
CDS archive(s) mapped at: [0x0000000800000000-0x0000000800b50000-0x0000000800b50000), size 11862016, SharedBaseAddress: 0x0000000800000000, ArchiveRelocationMode: 0.
Compressed class space mapped at: 0x0000000800b50000-0x0000000840b50000, size: 1073741824
Narrow klass base: 0x0000000800000000, Narrow klass shift: 3, Narrow klass range: 0x100000000

GC Precious Log:
 CPUs: 4 total, 4 available
 Memory: 3980M
 Large Page Support: Disabled
 NUMA Support: Disabled
 Compressed Oops: Enabled (32-bit)
 Heap Region Size: 1M
 Heap Min Capacity: 8M
 Heap Initial Capacity: 64M
 Heap Max Capacity: 996M
 Pre-touch: Disabled
 Parallel Workers: 4
 Concurrent Workers: 1
 Concurrent Refinement Workers: 4
 Periodic GC: Disabled

Heap:
 garbage-first heap   total 45056K, used 30207K [0x00000000c1c00000, 0x0000000100000000)
  region size 1024K, 10 young (10240K), 2 survivors (2048K)
 Metaspace       used 38275K, capacity 38753K, committed 38912K, reserved 1083392K
  class space    used 4867K, capacity 5005K, committed 5120K, reserved 1048576K

Heap Regions: E=young(eden), S=young(survivor), O=old, HS=humongous(starts), HC=humongous(continues), CS=collection set, F=free, OA=open archive, CA=closed archive, TAMS=top-at-mark-start (previous, next)
|   0|0x00000000c1c00000, 0x00000000c1d00000, 0x00000000c1d00000|100%| O|  |TAMS 0x00000000c1d00000, 0x00000000c1c00000| Untracked 
|   1|0x00000000c1d00000, 0x00000000c1e00000, 0x00000000c1e00000|100%| O|  |TAMS 0x00000000c1e00000, 0x00000000c1d00000| Untracked 
|   2|0x00000000c1e00000, 0x00000000c1f00000, 0x00000000c1f00000|100%| O|  |TAMS 0x00000000c1f00000, 0x00000000c1e00000| Untracked 
|   3|0x00000000c1f00000, 0x00000000c2000000, 0x00000000c2000000|100%| O|  |TAMS 0x00000000c2000000, 0x00000000c1f00000| Untracked 
|   4|0x00000000c2000000, 0x00000000c2100000, 0x00000000c2100000|100%| O|  |TAMS 0x00000000c2100000, 0x00000000c2000000| Untracked 
|   5|0x00000000c2100000, 0x00000000c2200000, 0x00000000c2200000|100%| O|  |TAMS 0x00000000c2200000, 0x00000000c2100000| Untracked 
|   6|0x00000000c2200000, 0x00000000c2300000, 0x00000000c2300000|100%| O|  |TAMS 0x00000000c2300000, 0x00000000c2200000| Untracked 
|   7|0x00000000c2300000, 0x00000000c2395000, 0x00000000c2400000| 58%| O|  |TAMS 0x00000000c2395000, 0x00000000c2300000| Untracked 
|   8|0x00000000c2400000, 0x00000000c2500000, 0x00000000c2500000|100%| O|  |TAMS 0x00000000c2500000, 0x00000000c2400000| Untracked 
|   9|0x00000000c2500000, 0x00000000c2600000, 0x00000000c2600000|100%| O|  |TAMS 0x00000000c2600000, 0x00000000c2500000| Untracked 
|  10|0x00000000c2600000, 0x00000000c2700000, 0x00000000c2700000|100%| O|  |TAMS 0x00000000c2700000, 0x00000000c2600000| Untracked 
|  11|0x00000000c2700000, 0x00000000c2800000, 0x00000000c2800000|100%| O|  |TAMS 0x00000000c2800000, 0x00000000c2700000| Untracked 
|  12|0x00000000c2800000, 0x00000000c2900000, 0x00000000c2900000|100%| O|  |TAMS 0x00000000c2900000, 0x00000000c2800000| Untracked 
|  13|0x00000000c2900000, 0x00000000c2a00000, 0x00000000c2a00000|100%| O|  |TAMS 0x00000000c2a00000, 0x00000000c2900000| Untracked 
|  14|0x00000000c2a00000, 0x00000000c2b00000, 0x00000000c2b00000|100%| O|  |TAMS 0x00000000c2b00000, 0x00000000c2a00000| Untracked 
|  15|0x00000000c2b00000, 0x00000000c2c00000, 0x00000000c2c00000|100%| O|  |TAMS 0x00000000c2c00000, 0x00000000c2b00000| Untracked 
|  16|0x00000000c2c00000, 0x00000000c2d00000, 0x00000000c2d00000|100%| O|  |TAMS 0x00000000c2d00000, 0x00000000c2c00000| Untracked 
|  17|0x00000000c2d00000, 0x00000000c2e00000, 0x00000000c2e00000|100%| O|  |TAMS 0x00000000c2e00000, 0x00000000c2d00000| Untracked 
|  18|0x00000000c2e00000, 0x00000000c2f00000, 0x00000000c2f00000|100%| O|  |TAMS 0x00000000c2f00000, 0x00000000c2e00000| Untracked 
|  19|0x00000000c2f00000, 0x00000000c3000000, 0x00000000c3000000|100%| O|  |TAMS 0x00000000c3000000, 0x00000000c2f00000| Untracked 
|  20|0x00000000c3000000, 0x00000000c3100000, 0x00000000c3100000|100%| O|  |TAMS 0x00000000c3000000, 0x00000000c3000000| Untracked 
|  21|0x00000000c3100000, 0x00000000c3156600, 0x00000000c3200000| 33%| O|  |TAMS 0x00000000c3100000, 0x00000000c3100000| Untracked 
|  22|0x00000000c3200000, 0x00000000c3200000, 0x00000000c3300000|  0%| F|  |TAMS 0x00000000c3200000, 0x00000000c3200000| Untracked 
|  23|0x00000000c3300000, 0x00000000c3300000, 0x00000000c3400000|  0%| F|  |TAMS 0x00000000c3300000, 0x00000000c3300000| Untracked 
|  24|0x00000000c3400000, 0x00000000c3400000, 0x00000000c3500000|  0%| F|  |TAMS 0x00000000c3400000, 0x00000000c3400000| Untracked 
|  25|0x00000000c3500000, 0x00000000c3500000, 0x00000000c3600000|  0%| F|  |TAMS 0x00000000c3500000, 0x00000000c3500000| Untracked 
|  26|0x00000000c3600000, 0x00000000c3600000, 0x00000000c3700000|  0%| F|  |TAMS 0x00000000c3600000, 0x00000000c3600000| Untracked 
|  27|0x00000000c3700000, 0x00000000c3700000, 0x00000000c3800000|  0%| F|  |TAMS 0x00000000c3700000, 0x00000000c3700000| Untracked 
|  28|0x00000000c3800000, 0x00000000c3800000, 0x00000000c3900000|  0%| F|  |TAMS 0x00000000c3800000, 0x00000000c3800000| Untracked 
|  29|0x00000000c3900000, 0x00000000c3994800, 0x00000000c3a00000| 58%| S|CS|TAMS 0x00000000c3900000, 0x00000000c3900000| Complete 
|  30|0x00000000c3a00000, 0x00000000c3b00000, 0x00000000c3b00000|100%| S|CS|TAMS 0x00000000c3a00000, 0x00000000c3a00000| Complete 
|  31|0x00000000c3b00000, 0x00000000c3b00000, 0x00000000c3c00000|  0%| F|  |TAMS 0x00000000c3b00000, 0x00000000c3b00000| Untracked 
|  32|0x00000000c3c00000, 0x00000000c3c00000, 0x00000000c3d00000|  0%| F|  |TAMS 0x00000000c3c00000, 0x00000000c3c00000| Untracked 
|  33|0x00000000c3d00000, 0x00000000c3d00000, 0x00000000c3e00000|  0%| F|  |TAMS 0x00000000c3d00000, 0x00000000c3d00000| Untracked 
|  34|0x00000000c3e00000, 0x00000000c3e00000, 0x00000000c3f00000|  0%| F|  |TAMS 0x00000000c3e00000, 0x00000000c3e00000| Untracked 
|  35|0x00000000c3f00000, 0x00000000c3f00000, 0x00000000c4000000|  0%| F|  |TAMS 0x00000000c3f00000, 0x00000000c3f00000| Untracked 
|  36|0x00000000c4000000, 0x00000000c40dfab0, 0x00000000c4100000| 87%| E|  |TAMS 0x00000000c4000000, 0x00000000c4000000| Complete 
|  37|0x00000000c4100000, 0x00000000c4200000, 0x00000000c4200000|100%| E|CS|TAMS 0x00000000c4100000, 0x00000000c4100000| Complete 
|  38|0x00000000c4200000, 0x00000000c4300000, 0x00000000c4300000|100%| E|CS|TAMS 0x00000000c4200000, 0x00000000c4200000| Complete 
|  39|0x00000000c4300000, 0x00000000c4400000, 0x00000000c4400000|100%| E|CS|TAMS 0x00000000c4300000, 0x00000000c4300000| Complete 
|  40|0x00000000c4400000, 0x00000000c4500000, 0x00000000c4500000|100%| E|CS|TAMS 0x00000000c4400000, 0x00000000c4400000| Complete 
|  41|0x00000000c4500000, 0x00000000c4600000, 0x00000000c4600000|100%| E|CS|TAMS 0x00000000c4500000, 0x00000000c4500000| Complete 
|  42|0x00000000c4600000, 0x00000000c4700000, 0x00000000c4700000|100%| E|CS|TAMS 0x00000000c4600000, 0x00000000c4600000| Complete 
|  63|0x00000000c5b00000, 0x00000000c5c00000, 0x00000000c5c00000|100%| E|CS|TAMS 0x00000000c5b00000, 0x00000000c5b00000| Complete 

Card table byte_map: [0x00000223192e0000,0x00000223194e0000] _byte_map_base: 0x0000022318cd2000

Marking Bits (Prev, Next): (CMBitMap*) 0x00000223000c1e90, (CMBitMap*) 0x00000223000c1ed0
 Prev Bits: [0x00000223196e0000, 0x000002231a670000)
 Next Bits: [0x000002231a670000, 0x000002231b600000)

Polling page: 0x0000022300150000

Metaspace:

Usage:
  Non-class:     32.96 MB capacity,    32.63 MB ( 99%) used,   285.38 KB ( <1%) free+waste,    53.13 KB ( <1%) overhead. 
      Class:      4.89 MB capacity,     4.75 MB ( 97%) used,   116.38 KB (  2%) free+waste,    20.75 KB ( <1%) overhead. 
       Both:     37.84 MB capacity,    37.38 MB ( 99%) used,   401.76 KB (  1%) free+waste,    73.88 KB ( <1%) overhead. 

Virtual space:
  Non-class space:       34.00 MB reserved,      33.00 MB ( 97%) committed 
      Class space:        1.00 GB reserved,       5.00 MB ( <1%) committed 
             Both:        1.03 GB reserved,      38.00 MB (  4%) committed 

Chunk freelists:
   Non-Class:  44.00 KB
       Class:  19.00 KB
        Both:  63.00 KB

MaxMetaspaceSize: 17179869184.00 GB
CompressedClassSpaceSize: 1.00 GB

CodeHeap 'non-profiled nmethods': size=120000Kb used=2410Kb max_used=2410Kb free=117589Kb
 bounds [0x0000022311590000, 0x0000022311800000, 0x0000022318ac0000]
CodeHeap 'profiled nmethods': size=120000Kb used=9331Kb max_used=9331Kb free=110668Kb
 bounds [0x000002230a060000, 0x000002230a980000, 0x0000022311590000]
CodeHeap 'non-nmethods': size=5760Kb used=1250Kb max_used=1371Kb free=4509Kb
 bounds [0x0000022309ac0000, 0x0000022309d30000, 0x000002230a060000]
 total_blobs=4852 nmethods=4326 adapters=438
 compilation: enabled
              stopped_count=0, restarted_count=0
 full_count=0

Compilation events (20 events):
Event: 43.356 Thread 0x000002231dbc9090 4321       4       java.util.Collections$1::next (25 bytes)
Event: 43.357 Thread 0x000002231dbc9090 nmethod 4321 0x00000223117ea810 code [0x00000223117ea980, 0x00000223117eaa18]
Event: 43.357 Thread 0x000002231dbc9b40 4401       3       jdk.internal.reflect.ClassFileAssembler::opc_athrow (12 bytes)
Event: 43.358 Thread 0x000002231dbc9b40 nmethod 4401 0x000002230a973490 code [0x000002230a973640, 0x000002230a973908]
Event: 43.364 Thread 0x000002231dbc9b40 4402       3       net.bytebuddy.matcher.FilterableList$AbstractBase::<init> (5 bytes)
Event: 43.365 Thread 0x000002231dbc9b40 nmethod 4402 0x000002230a973a90 code [0x000002230a973c40, 0x000002230a973e58]
Event: 43.365 Thread 0x000002231dbc9b40 4403       3       net.bytebuddy.description.type.TypeDescription$Generic$AbstractBase::<init> (5 bytes)
Event: 43.366 Thread 0x000002231dbc9b40 nmethod 4403 0x000002230a973f90 code [0x000002230a974140, 0x000002230a9742f8]
Event: 43.368 Thread 0x000002231dbc9b40 4404       3       java.util.AbstractList$Itr::<init> (31 bytes)
Event: 43.368 Thread 0x000002231dbc9b40 nmethod 4404 0x000002230a974410 code [0x000002230a9745c0, 0x000002230a974798]
Event: 43.372 Thread 0x000002231dbc9b40 4405       3       net.bytebuddy.description.type.TypeDescription$ForLoadedType::of (30 bytes)
Event: 43.373 Thread 0x000002231dbc9b40 nmethod 4405 0x000002230a974890 code [0x000002230a974a80, 0x000002230a975108]
Event: 43.377 Thread 0x000002231dbc9b40 4406       3       net.bytebuddy.description.type.TypeDescription$Generic$OfNonGenericType$ForLoadedType::asErasure (8 bytes)
Event: 43.378 Thread 0x000002231dbc9b40 nmethod 4406 0x000002230a975310 code [0x000002230a975500, 0x000002230a975c08]
Event: 43.392 Thread 0x000002231dbc9090 4407   !   4       java.net.URL::<init> (543 bytes)
Event: 43.589 Thread 0x000002231dbc9b40 4411       3       net.bytebuddy.description.type.TypeList$Generic$AbstractBase::<init> (5 bytes)
Event: 43.590 Thread 0x000002231dbc9b40 nmethod 4411 0x000002230a975e10 code [0x000002230a975fc0, 0x000002230a976238]
Event: 43.590 Thread 0x000002231dbc9b40 4412       3       net.bytebuddy.matcher.ElementMatcher$Junction$AbstractBase::<init> (5 bytes)
Event: 43.590 Thread 0x000002231dbc9b40 nmethod 4412 0x000002230a976390 code [0x000002230a976520, 0x000002230a976678]
Event: 43.590 Thread 0x000002231dbc9b40 4413       3       java.util.AbstractList::iterator (9 bytes)

GC Heap History (20 events):
Event: 21.385 GC heap before
{Heap before GC invocations=3 (full 0):
 garbage-first heap   total 65536K, used 38674K [0x00000000c1c00000, 0x0000000100000000)
  region size 1024K, 34 young (34816K), 3 survivors (3072K)
 Metaspace       used 17932K, capacity 18155K, committed 18304K, reserved 1064960K
  class space    used 2224K, capacity 2309K, committed 2432K, reserved 1048576K
}
Event: 21.451 GC heap after
{Heap after GC invocations=4 (full 0):
 garbage-first heap   total 65536K, used 9493K [0x00000000c1c00000, 0x0000000100000000)
  region size 1024K, 4 young (4096K), 4 survivors (4096K)
 Metaspace       used 17932K, capacity 18155K, committed 18304K, reserved 1064960K
  class space    used 2224K, capacity 2309K, committed 2432K, reserved 1048576K
}
Event: 24.240 GC heap before
{Heap before GC invocations=4 (full 0):
 garbage-first heap   total 65536K, used 33045K [0x00000000c1c00000, 0x0000000100000000)
  region size 1024K, 28 young (28672K), 4 survivors (4096K)
 Metaspace       used 20837K, capacity 21108K, committed 21248K, reserved 1067008K
  class space    used 2581K, capacity 2714K, committed 2816K, reserved 1048576K
}
Event: 24.258 GC heap after
{Heap after GC invocations=5 (full 0):
 garbage-first heap   total 65536K, used 11456K [0x00000000c1c00000, 0x0000000100000000)
  region size 1024K, 4 young (4096K), 4 survivors (4096K)
 Metaspace       used 20837K, capacity 21108K, committed 21248K, reserved 1067008K
  class space    used 2581K, capacity 2714K, committed 2816K, reserved 1048576K
}
Event: 27.930 GC heap before
{Heap before GC invocations=6 (full 0):
 garbage-first heap   total 45056K, used 33984K [0x00000000c1c00000, 0x0000000100000000)
  region size 1024K, 26 young (26624K), 4 survivors (4096K)
 Metaspace       used 24619K, capacity 24923K, committed 25088K, reserved 1071104K
  class space    used 3105K, capacity 3251K, committed 3328K, reserved 1048576K
}
Event: 27.962 GC heap after
{Heap after GC invocations=7 (full 0):
 garbage-first heap   total 45056K, used 12740K [0x00000000c1c00000, 0x0000000100000000)
  region size 1024K, 4 young (4096K), 4 survivors (4096K)
 Metaspace       used 24619K, capacity 24923K, committed 25088K, reserved 1071104K
  class space    used 3105K, capacity 3251K, committed 3328K, reserved 1048576K
}
Event: 29.891 GC heap before
{Heap before GC invocations=7 (full 0):
 garbage-first heap   total 45056K, used 31172K [0x00000000c1c00000, 0x0000000100000000)
  region size 1024K, 22 young (22528K), 4 survivors (4096K)
 Metaspace       used 26884K, capacity 27213K, committed 27392K, reserved 1073152K
  class space    used 3344K, capacity 3478K, committed 3584K, reserved 1048576K
}
Event: 29.919 GC heap after
{Heap after GC invocations=8 (full 0):
 garbage-first heap   total 45056K, used 14798K [0x00000000c1c00000, 0x0000000100000000)
  region size 1024K, 3 young (3072K), 3 survivors (3072K)
 Metaspace       used 26884K, capacity 27213K, committed 27392K, reserved 1073152K
  class space    used 3344K, capacity 3478K, committed 3584K, reserved 1048576K
}
Event: 32.091 GC heap before
{Heap before GC invocations=8 (full 0):
 garbage-first heap   total 45056K, used 30158K [0x00000000c1c00000, 0x0000000100000000)
  region size 1024K, 19 young (19456K), 3 survivors (3072K)
 Metaspace       used 31498K, capacity 31852K, committed 32000K, reserved 1077248K
  class space    used 3849K, capacity 3977K, committed 4096K, reserved 1048576K
}
Event: 32.116 GC heap after
{Heap after GC invocations=9 (full 0):
 garbage-first heap   total 45056K, used 16371K [0x00000000c1c00000, 0x0000000100000000)
  region size 1024K, 2 young (2048K), 2 survivors (2048K)
 Metaspace       used 31498K, capacity 31852K, committed 32000K, reserved 1077248K
  class space    used 3849K, capacity 3977K, committed 4096K, reserved 1048576K
}
Event: 35.025 GC heap before
{Heap before GC invocations=9 (full 0):
 garbage-first heap   total 45056K, used 32755K [0x00000000c1c00000, 0x0000000100000000)
  region size 1024K, 18 young (18432K), 2 survivors (2048K)
 Metaspace       used 33207K, capacity 33543K, committed 33664K, reserved 1079296K
  class space    used 4073K, capacity 4176K, committed 4224K, reserved 1048576K
}
Event: 35.049 GC heap after
{Heap after GC invocations=10 (full 0):
 garbage-first heap   total 45056K, used 18431K [0x00000000c1c00000, 0x0000000100000000)
  region size 1024K, 2 young (2048K), 2 survivors (2048K)
 Metaspace       used 33207K, capacity 33543K, committed 33664K, reserved 1079296K
  class space    used 4073K, capacity 4176K, committed 4224K, reserved 1048576K
}
Event: 37.462 GC heap before
{Heap before GC invocations=10 (full 0):
 garbage-first heap   total 45056K, used 32767K [0x00000000c1c00000, 0x0000000100000000)
  region size 1024K, 16 young (16384K), 2 survivors (2048K)
 Metaspace       used 34078K, capacity 34451K, committed 34560K, reserved 1079296K
  class space    used 4178K, capacity 4307K, committed 4352K, reserved 1048576K
}
Event: 37.489 GC heap after
{Heap after GC invocations=11 (full 0):
 garbage-first heap   total 45056K, used 20255K [0x00000000c1c00000, 0x0000000100000000)
  region size 1024K, 2 young (2048K), 2 survivors (2048K)
 Metaspace       used 34078K, capacity 34451K, committed 34560K, reserved 1079296K
  class space    used 4178K, capacity 4307K, committed 4352K, reserved 1048576K
}
Event: 39.713 GC heap before
{Heap before GC invocations=11 (full 0):
 garbage-first heap   total 45056K, used 33567K [0x00000000c1c00000, 0x0000000100000000)
  region size 1024K, 15 young (15360K), 2 survivors (2048K)
 Metaspace       used 35148K, capacity 35503K, committed 35712K, reserved 1081344K
  class space    used 4313K, capacity 4442K, committed 4480K, reserved 1048576K
}
Event: 39.738 GC heap after
{Heap after GC invocations=12 (full 0):
 garbage-first heap   total 45056K, used 21428K [0x00000000c1c00000, 0x0000000100000000)
  region size 1024K, 2 young (2048K), 2 survivors (2048K)
 Metaspace       used 35148K, capacity 35503K, committed 35712K, reserved 1081344K
  class space    used 4313K, capacity 4442K, committed 4480K, reserved 1048576K
}
Event: 40.183 GC heap before
{Heap before GC invocations=12 (full 0):
 garbage-first heap   total 45056K, used 25524K [0x00000000c1c00000, 0x0000000100000000)
  region size 1024K, 7 young (7168K), 2 survivors (2048K)
 Metaspace       used 35403K, capacity 35792K, committed 35840K, reserved 1081344K
  class space    used 4343K, capacity 4474K, committed 4480K, reserved 1048576K
}
Event: 40.198 GC heap after
{Heap after GC invocations=13 (full 0):
 garbage-first heap   total 45056K, used 22112K [0x00000000c1c00000, 0x0000000100000000)
  region size 1024K, 1 young (1024K), 1 survivors (1024K)
 Metaspace       used 35403K, capacity 35792K, committed 35840K, reserved 1081344K
  class space    used 4343K, capacity 4474K, committed 4480K, reserved 1048576K
}
Event: 42.383 GC heap before
{Heap before GC invocations=14 (full 0):
 garbage-first heap   total 45056K, used 34400K [0x00000000c1c00000, 0x0000000100000000)
  region size 1024K, 13 young (13312K), 1 survivors (1024K)
 Metaspace       used 36185K, capacity 36582K, committed 36736K, reserved 1081344K
  class space    used 4459K, capacity 4583K, committed 4608K, reserved 1048576K
}
Event: 42.399 GC heap after
{Heap after GC invocations=15 (full 0):
 garbage-first heap   total 45056K, used 23039K [0x00000000c1c00000, 0x0000000100000000)
  region size 1024K, 2 young (2048K), 2 survivors (2048K)
 Metaspace       used 36185K, capacity 36582K, committed 36736K, reserved 1081344K
  class space    used 4459K, capacity 4583K, committed 4608K, reserved 1048576K
}

Deoptimization events (20 events):
Event: 41.255 Thread 0x000002230008fe10 DEOPT PACKING pc=0x000002230a7b17ca sp=0x000000b128cfba70
Event: 41.255 Thread 0x000002230008fe10 DEOPT UNPACKING pc=0x0000022309b0df30 sp=0x000000b128cfafa8 mode 0
Event: 41.334 Thread 0x000002230008fe10 DEOPT PACKING pc=0x000002230a859bff sp=0x000000b128cfa980
Event: 41.334 Thread 0x000002230008fe10 DEOPT UNPACKING pc=0x0000022309b0df30 sp=0x000000b128cf9e08 mode 0
Event: 41.530 Thread 0x000002230008fe10 DEOPT PACKING pc=0x000002230a967bb4 sp=0x000000b128cfbcc0
Event: 41.530 Thread 0x000002230008fe10 DEOPT UNPACKING pc=0x0000022309b0df30 sp=0x000000b128cfb1a0 mode 0
Event: 41.653 Thread 0x000002230008fe10 DEOPT PACKING pc=0x000002230a96d0d6 sp=0x000000b128cfc050
Event: 41.653 Thread 0x000002230008fe10 DEOPT UNPACKING pc=0x0000022309b0df30 sp=0x000000b128cfb528 mode 0
Event: 42.039 Thread 0x000002230008fe10 Uncommon trap: trap_request=0xffffff45 fr.pc=0x000002231166e87c relative=0x000000000000043c
Event: 42.039 Thread 0x000002230008fe10 Uncommon trap: reason=unstable_if action=reinterpret pc=0x000002231166e87c method=java.util.LinkedHashMap.get(Ljava/lang/Object;)Ljava/lang/Object; @ 16 c2
Event: 42.039 Thread 0x000002230008fe10 DEOPT PACKING pc=0x000002231166e87c sp=0x000000b128cfc970
Event: 42.039 Thread 0x000002230008fe10 DEOPT UNPACKING pc=0x0000022309b0e129 sp=0x000000b128cfc938 mode 2
Event: 42.400 Thread 0x000002230008fe10 DEOPT PACKING pc=0x000002230a859bff sp=0x000000b128cfa760
Event: 42.400 Thread 0x000002230008fe10 DEOPT UNPACKING pc=0x0000022309b0df30 sp=0x000000b128cf9be8 mode 0
Event: 42.700 Thread 0x000002230008fe10 DEOPT PACKING pc=0x000002230a859bff sp=0x000000b128cf2bc0
Event: 42.700 Thread 0x000002230008fe10 DEOPT UNPACKING pc=0x0000022309b0df30 sp=0x000000b128cf2048 mode 0
Event: 43.021 Thread 0x000002230008fe10 DEOPT PACKING pc=0x000002230a859bff sp=0x000000b128cf38b0
Event: 43.021 Thread 0x000002230008fe10 DEOPT UNPACKING pc=0x0000022309b0df30 sp=0x000000b128cf2d38 mode 0
Event: 43.482 Thread 0x000002230008fe10 DEOPT PACKING pc=0x000002230a859bff sp=0x000000b128cf83c0
Event: 43.483 Thread 0x000002230008fe10 DEOPT UNPACKING pc=0x0000022309b0df30 sp=0x000000b128cf7848 mode 0

Classes unloaded (0 events):
No events

Classes redefined (0 events):
No events

Internal exceptions (20 events):
Event: 41.312 Thread 0x000002230008fe10 Exception <a 'java/lang/ClassNotFoundException'{0x00000000c3e34a88}: org/springframework/core/OrderedCustomizer> (0x00000000c3e34a88) 
thrown [./open/src/hotspot/share/classfile/systemDictionary.cpp, line 295]
Event: 41.315 Thread 0x000002230008fe10 Exception <a 'java/lang/ClassNotFoundException'{0x00000000c3e39d40}: javax/servlet/FilterCustomizer> (0x00000000c3e39d40) 
thrown [./open/src/hotspot/share/classfile/systemDictionary.cpp, line 295]
Event: 41.316 Thread 0x000002230008fe10 Exception <a 'java/lang/ClassNotFoundException'{0x00000000c3e401e8}: org/springframework/beans/factory/BeanNameAwareCustomizer> (0x00000000c3e401e8) 
thrown [./open/src/hotspot/share/classfile/systemDictionary.cpp, line 295]
Event: 41.318 Thread 0x000002230008fe10 Exception <a 'java/lang/ClassNotFoundException'{0x00000000c3e45a60}: org/springframework/beans/factory/AwareCustomizer> (0x00000000c3e45a60) 
thrown [./open/src/hotspot/share/classfile/systemDictionary.cpp, line 295]
Event: 41.331 Thread 0x000002230008fe10 Exception <a 'java/lang/ClassNotFoundException'{0x00000000c3e4a530}: org/springframework/context/EnvironmentAwareCustomizer> (0x00000000c3e4a530) 
thrown [./open/src/hotspot/share/classfile/systemDictionary.cpp, line 295]
Event: 41.335 Thread 0x000002230008fe10 Exception <a 'java/lang/ClassNotFoundException'{0x00000000c3e4fd98}: org/springframework/beans/factory/AwareCustomizer> (0x00000000c3e4fd98) 
thrown [./open/src/hotspot/share/classfile/systemDictionary.cpp, line 295]
Event: 41.337 Thread 0x000002230008fe10 Exception <a 'java/lang/ClassNotFoundException'{0x00000000c3e54938}: org/springframework/core/env/EnvironmentCapableCustomizer> (0x00000000c3e54938) 
thrown [./open/src/hotspot/share/classfile/systemDictionary.cpp, line 295]
Event: 41.351 Thread 0x000002230008fe10 Exception <a 'java/lang/ClassNotFoundException'{0x00000000c3e5a448}: org/springframework/web/context/ServletContextAwareCustomizer> (0x00000000c3e5a448) 
thrown [./open/src/hotspot/share/classfile/systemDictionary.cpp, line 295]
Event: 41.354 Thread 0x000002230008fe10 Exception <a 'java/lang/ClassNotFoundException'{0x00000000c3e5fd18}: org/springframework/beans/factory/AwareCustomizer> (0x00000000c3e5fd18) 
thrown [./open/src/hotspot/share/classfile/systemDictionary.cpp, line 295]
Event: 41.355 Thread 0x000002230008fe10 Exception <a 'java/lang/ClassNotFoundException'{0x00000000c3e64978}: org/springframework/beans/factory/InitializingBeanCustomizer> (0x00000000c3e64978) 
thrown [./open/src/hotspot/share/classfile/systemDictionary.cpp, line 295]
Event: 41.362 Thread 0x000002230008fe10 Exception <a 'java/lang/ClassNotFoundException'{0x00000000c3e69e40}: org/springframework/beans/factory/DisposableBeanCustomizer> (0x00000000c3e69e40) 
thrown [./open/src/hotspot/share/classfile/systemDictionary.cpp, line 295]
Event: 41.380 Thread 0x000002230008fe10 Exception <a 'java/lang/ClassNotFoundException'{0x00000000c3e8e6d0}: java/lang/ObjectCustomizer> (0x00000000c3e8e6d0) 
thrown [./open/src/hotspot/share/classfile/systemDictionary.cpp, line 295]
Event: 41.386 Thread 0x000002230008fe10 Exception <a 'java/lang/ClassNotFoundException'{0x00000000c3e96d68}: org/springframework/web/multipart/support/StandardServletMultipartResolverCustomizer> (0x00000000c3e96d68) 
thrown [./open/src/hotspot/share/classfile/systemDictionary.cpp, line 295]
Event: 41.390 Thread 0x000002230008fe10 Exception <a 'java/lang/ClassNotFoundException'{0x00000000c3e9ffb8}: org/springframework/web/multipart/MultipartResolverCustomizer> (0x00000000c3e9ffb8) 
thrown [./open/src/hotspot/share/classfile/systemDictionary.cpp, line 295]
Event: 42.040 Thread 0x000002230008fe10 Exception <a 'java/lang/ClassNotFoundException'{0x00000000c3cbf018}: java/lang/ObjectCustomizer> (0x00000000c3cbf018) 
thrown [./open/src/hotspot/share/classfile/systemDictionary.cpp, line 295]
Event: 42.060 Thread 0x000002230008fe10 Exception <a 'java/lang/ClassNotFoundException'{0x00000000c3cc6958}: com/sicnu/wagesystems/WagesystemsApplicationTestsCustomizer> (0x00000000c3cc6958) 
thrown [./open/src/hotspot/share/classfile/systemDictionary.cpp, line 295]
Event: 42.063 Thread 0x000002230008fe10 Exception <a 'java/lang/ClassNotFoundException'{0x00000000c3ccbd70}: com/sicnu/wagesystems/mapper/OrdinaryUserMapperTestCustomizer> (0x00000000c3ccbd70) 
thrown [./open/src/hotspot/share/classfile/systemDictionary.cpp, line 295]
Event: 42.165 Thread 0x000002230008fe10 Exception <a 'java/lang/NoSuchMethodError'{0x00000000c3b2b4f0}: 'java.lang.Object java.lang.invoke.DirectMethodHandle$Holder.newInvokeSpecial(java.lang.Object, java.lang.Object, java.lang.Object, java.lang.Object, int)'> (0x00000000c3b2b4f0) 
thrown [./open/src/hotspot/share/interpreter/linkResolver.cpp, line 782]
Event: 42.172 Thread 0x000002230008fe10 Exception <a 'java/lang/NoSuchMethodError'{0x00000000c3b2fce0}: 'java.lang.Object java.lang.invoke.DirectMethodHandle$Holder.invokeSpecial(java.lang.Object, java.lang.Object, java.lang.Object, java.lang.Object, java.lang.Object, int)'> (0x00000000c3b2fce0) 
thrown [./open/src/hotspot/share/interpreter/linkResolver.cpp, line 782]
Event: 42.173 Thread 0x000002230008fe10 Exception <a 'java/lang/NoSuchMethodError'{0x00000000c3b33c70}: 'java.lang.Object java.lang.invoke.Invokers$Holder.linkToTargetMethod(java.lang.Object, java.lang.Object, java.lang.Object, int, java.lang.Object)'> (0x00000000c3b33c70) 
thrown [./open/src/hotspot/share/interpreter/linkResolver.cpp, line 782]

Events (20 events):
Event: 43.203 loading class sun/reflect/annotation/TypeAnnotationParser
Event: 43.204 loading class sun/reflect/annotation/TypeAnnotationParser done
Event: 43.205 loading class sun/reflect/annotation/TypeAnnotation
Event: 43.205 loading class sun/reflect/annotation/TypeAnnotation done
Event: 43.205 loading class sun/reflect/annotation/TypeAnnotation$LocationInfo
Event: 43.206 loading class sun/reflect/annotation/TypeAnnotation$LocationInfo done
Event: 43.206 loading class sun/reflect/annotation/TypeAnnotation$LocationInfo$Location
Event: 43.206 loading class sun/reflect/annotation/TypeAnnotation$LocationInfo$Location done
Event: 43.207 loading class sun/reflect/annotation/AnnotatedTypeFactory
Event: 43.207 loading class sun/reflect/annotation/AnnotatedTypeFactory done
Event: 43.207 loading class sun/reflect/annotation/AnnotatedTypeFactory$AnnotatedTypeBaseImpl
Event: 43.214 loading class sun/reflect/annotation/AnnotatedTypeFactory$AnnotatedTypeBaseImpl done
Event: 43.249 loading class java/lang/reflect/AnnotatedParameterizedType
Event: 43.249 loading class java/lang/reflect/AnnotatedParameterizedType done
Event: 43.265 loading class java/lang/reflect/AnnotatedWildcardType
Event: 43.266 loading class java/lang/reflect/AnnotatedWildcardType done
Event: 43.302 loading class java/lang/reflect/AnnotatedArrayType
Event: 43.302 loading class java/lang/reflect/AnnotatedArrayType done
Event: 43.452 loading class java/lang/reflect/AccessibleObject$Cache
Event: 43.452 loading class java/lang/reflect/AccessibleObject$Cache done


Dynamic libraries:
0x00007ff6a7e30000 - 0x00007ff6a7e3f000 	C:\Program Files\Java\jdk-15\bin\java.exe
0x00007ffd43120000 - 0x00007ffd43310000 	C:\WINDOWS\SYSTEM32\ntdll.dll
0x00007ffd42810000 - 0x00007ffd428c2000 	C:\WINDOWS\System32\KERNEL32.DLL
0x00007ffd40400000 - 0x00007ffd406a5000 	C:\WINDOWS\System32\KERNELBASE.dll
0x00007ffd400a0000 - 0x00007ffd4019a000 	C:\WINDOWS\System32\ucrtbase.dll
0x00007ffd2e230000 - 0x00007ffd2e248000 	C:\Program Files\Java\jdk-15\bin\jli.dll
0x00007ffd41a30000 - 0x00007ffd41ad3000 	C:\WINDOWS\System32\ADVAPI32.dll
0x00007ffd2dee0000 - 0x00007ffd2def9000 	C:\Program Files\Java\jdk-15\bin\VCRUNTIME140.dll
0x00007ffd42f50000 - 0x00007ffd42fee000 	C:\WINDOWS\System32\msvcrt.dll
0x00007ffd41c80000 - 0x00007ffd41d17000 	C:\WINDOWS\System32\sechost.dll
0x00007ffd41320000 - 0x00007ffd41440000 	C:\WINDOWS\System32\RPCRT4.dll
0x00007ffd41ae0000 - 0x00007ffd41c74000 	C:\WINDOWS\System32\USER32.dll
0x00007ffd40760000 - 0x00007ffd40781000 	C:\WINDOWS\System32\win32u.dll
0x00007ffd41780000 - 0x00007ffd417a6000 	C:\WINDOWS\System32\GDI32.dll
0x00007ffd41030000 - 0x00007ffd411c6000 	C:\WINDOWS\System32\gdi32full.dll
0x00007ffd40210000 - 0x00007ffd402ae000 	C:\WINDOWS\System32\msvcp_win.dll
0x00007ffd27b70000 - 0x00007ffd27df4000 	C:\WINDOWS\WinSxS\amd64_microsoft.windows.common-controls_6595b64144ccf1df_6.0.18362.1198_none_9e820b57e45ad92f\COMCTL32.dll
0x00007ffd41440000 - 0x00007ffd41775000 	C:\WINDOWS\System32\combase.dll
0x00007ffd40790000 - 0x00007ffd40810000 	C:\WINDOWS\System32\bcryptPrimitives.dll
0x00007ffd2bae0000 - 0x00007ffd2baea000 	C:\WINDOWS\SYSTEM32\VERSION.dll
0x00007ffd424b0000 - 0x00007ffd424de000 	C:\WINDOWS\System32\IMM32.DLL
0x00007ffd2e450000 - 0x00007ffd2e45c000 	C:\Program Files\Java\jdk-15\bin\vcruntime140_1.dll
0x00007ffd29800000 - 0x00007ffd29891000 	C:\Program Files\Java\jdk-15\bin\msvcp140.dll
0x00007ffd0b150000 - 0x00007ffd0bcac000 	C:\Program Files\Java\jdk-15\bin\server\jvm.dll
0x00007ffd41d20000 - 0x00007ffd41d28000 	C:\WINDOWS\System32\PSAPI.DLL
0x00007ffd2b910000 - 0x00007ffd2b919000 	C:\WINDOWS\SYSTEM32\WSOCK32.dll
0x00007ffd42a10000 - 0x00007ffd42a7f000 	C:\WINDOWS\System32\WS2_32.dll
0x00007ffd3e0a0000 - 0x00007ffd3e0c4000 	C:\WINDOWS\SYSTEM32\WINMM.dll
0x00007ffd3dfe0000 - 0x00007ffd3e00d000 	C:\WINDOWS\SYSTEM32\WINMMBASE.dll
0x00007ffd401a0000 - 0x00007ffd401ea000 	C:\WINDOWS\System32\cfgmgr32.dll
0x00007ffd3ffe0000 - 0x00007ffd3fff1000 	C:\WINDOWS\System32\kernel.appcore.dll
0x00007ffd2e140000 - 0x00007ffd2e14a000 	C:\Program Files\Java\jdk-15\bin\jimage.dll
0x00007ffd39570000 - 0x00007ffd39764000 	C:\WINDOWS\SYSTEM32\DBGHELP.DLL
0x00007ffd2ad30000 - 0x00007ffd2ad5a000 	C:\WINDOWS\SYSTEM32\dbgcore.DLL
0x00007ffd2e9c0000 - 0x00007ffd2e9ce000 	C:\Program Files\Java\jdk-15\bin\instrument.dll
0x00007ffd2dea0000 - 0x00007ffd2dec5000 	C:\Program Files\Java\jdk-15\bin\java.dll
0x00007ffd41dc0000 - 0x00007ffd424a7000 	C:\WINDOWS\System32\SHELL32.dll
0x00007ffd424e0000 - 0x00007ffd42589000 	C:\WINDOWS\System32\shcore.dll
0x00007ffd40810000 - 0x00007ffd40f91000 	C:\WINDOWS\System32\windows.storage.dll
0x00007ffd40050000 - 0x00007ffd40073000 	C:\WINDOWS\System32\profapi.dll
0x00007ffd40000000 - 0x00007ffd4004a000 	C:\WINDOWS\System32\powrprof.dll
0x00007ffd3ffd0000 - 0x00007ffd3ffe0000 	C:\WINDOWS\System32\UMPDC.dll
0x00007ffd42a80000 - 0x00007ffd42ad2000 	C:\WINDOWS\System32\shlwapi.dll
0x00007ffd401f0000 - 0x00007ffd40207000 	C:\WINDOWS\System32\cryptsp.dll
0x00007ffd29ca0000 - 0x00007ffd29cb8000 	C:\Program Files\Java\jdk-15\bin\zip.dll
0x00007ffd29fc0000 - 0x00007ffd29fd9000 	C:\Program Files\Java\jdk-15\bin\net.dll
0x00007ffd3a600000 - 0x00007ffd3a6f0000 	C:\WINDOWS\SYSTEM32\WINHTTP.dll
0x00007ffd3f820000 - 0x00007ffd3f887000 	C:\WINDOWS\system32\mswsock.dll
0x00007ffd29d40000 - 0x00007ffd29d52000 	C:\Program Files\Java\jdk-15\bin\nio.dll
0x00007ffd2c040000 - 0x00007ffd2c05a000 	D:\Program Files\JetBrains\IntelliJ IDEA 2020.2.2\bin\breakgen64.dll
0x00007ffd2c030000 - 0x00007ffd2c040000 	C:\Program Files\Java\jdk-15\bin\verify.dll
0x00007ffd2e9b0000 - 0x00007ffd2e9b9000 	C:\Program Files\Java\jdk-15\bin\management.dll
0x00007ffd2e990000 - 0x00007ffd2e99b000 	C:\Program Files\Java\jdk-15\bin\management_ext.dll
0x00007ffd21d50000 - 0x00007ffd21d66000 	C:\WINDOWS\system32\napinsp.dll
0x00007ffd20e20000 - 0x00007ffd20e3a000 	C:\WINDOWS\system32\pnrpnsp.dll
0x00007ffd3f570000 - 0x00007ffd3f63b000 	C:\WINDOWS\SYSTEM32\DNSAPI.dll
0x00007ffd41310000 - 0x00007ffd41318000 	C:\WINDOWS\System32\NSI.dll
0x00007ffd3f530000 - 0x00007ffd3f56a000 	C:\WINDOWS\SYSTEM32\IPHLPAPI.DLL
0x00007ffd20e10000 - 0x00007ffd20e1e000 	C:\WINDOWS\System32\winrnr.dll
0x00007ffd3c7a0000 - 0x00007ffd3c7bc000 	C:\WINDOWS\system32\NLAapi.dll
0x00007ffd3a860000 - 0x00007ffd3a875000 	C:\WINDOWS\system32\wshbth.dll
0x00007ffd34930000 - 0x00007ffd3493a000 	C:\Windows\System32\rasadhlp.dll
0x00007ffd2f610000 - 0x00007ffd2f687000 	C:\WINDOWS\System32\fwpuclnt.dll
0x00007ffd40fa0000 - 0x00007ffd40fc6000 	C:\WINDOWS\System32\bcrypt.dll

dbghelp: loaded successfully - version: 4.0.5 - missing functions: none
symbol engine: initialized successfully - sym options: 0x614 - pdb path: .;C:\Program Files\Java\jdk-15\bin;C:\WINDOWS\SYSTEM32;C:\WINDOWS\WinSxS\amd64_microsoft.windows.common-controls_6595b64144ccf1df_6.0.18362.1198_none_9e820b57e45ad92f;C:\Program Files\Java\jdk-15\bin\server;D:\Program Files\JetBrains\IntelliJ IDEA 2020.2.2\bin

VM Arguments:
jvm_args: -ea -Didea.test.cyclic.buffer.size=1048576 -javaagent:D:\Program Files\JetBrains\IntelliJ IDEA 2020.2.2\lib\idea_rt.jar=57311:D:\Program Files\JetBrains\IntelliJ IDEA 2020.2.2\bin -Dfile.encoding=UTF-8 
java_command: com.intellij.rt.junit.JUnitStarter -ideVersion5 -junit5 com.sicnu.wagesystems.mapper.OrdinaryUserMapperTest,splitByPage
java_class_path (initial): D:\Program Files\JetBrains\IntelliJ IDEA 2020.2.2\lib\idea_rt.jar;C:\Users\51700\.m2\repository\org\junit\platform\junit-platform-launcher\1.7.0\junit-platform-launcher-1.7.0.jar;D:\Program Files\JetBrains\IntelliJ IDEA 2020.2.2\plugins\junit\lib\junit5-rt.jar;D:\Program Files\JetBrains\IntelliJ IDEA 2020.2.2\plugins\junit\lib\junit-rt.jar;C:\Users\51700\IdeaProjects\wagesystems\target\test-classes;C:\Users\51700\IdeaProjects\wagesystems\target\classes;C:\Users\51700\.m2\repository\com\github\pagehelper\pagehelper-spring-boot-starter\1.2.5\pagehelper-spring-boot-starter-1.2.5.jar;C:\Users\51700\.m2\repository\org\springframework\boot\spring-boot-starter\2.4.0\spring-boot-starter-2.4.0.jar;C:\Users\51700\.m2\repository\org\springframework\boot\spring-boot-starter-logging\2.4.0\spring-boot-starter-logging-2.4.0.jar;C:\Users\51700\.m2\repository\ch\qos\logback\logback-classic\1.2.3\logback-classic-1.2.3.jar;C:\Users\51700\.m2\repository\ch\qos\logback\logback-core\1.2.3\logback-core-1.2.3.jar;C:\Users\51700\.m2\repository\org\apache\logging\log4j\log4j-to-slf4j\2.13.3\log4j-to-slf4j-2.13.3.jar;C:\Users\51700\.m2\repository\org\apache\logging\log4j\log4j-api\2.13.3\log4j-api-2.13.3.jar;C:\Users\51700\.m2\repository\org\slf4j\jul-to-slf4j\1.7.30\jul-to-slf4j-1.7.30.jar;C:\Users\51700\.m2\repository\jakarta\annotation\jakarta.annotation-api\1.3.5\jakarta.annotation-api-1.3.5.jar;C:\Users\51700\.m2\repository\org\yaml\snakeyaml\1.27\snakeyaml-1.27.jar;C:\Users\51700\.m2\repository\com\github\pagehelper\pagehelper-spring-boot-autoconfigure\1.2.5\pagehelper-spring-boot-autoconfigure-1.2.5.jar;C:\Users\51700\.m2\repository\com\github\pagehelper\pagehelper\5.1.4\pagehelper-5.1.4.jar;C:\Users\51700\.m2\repository\com\github\jsqlparser\jsqlparser\1.0\jsqlparser-1.0.jar;C:\Users\51700\.m2\repository\org\springframework\boot\spring-boot-devtools\2.4.0\spring-boot-devtools-2.4.0.jar;C:\Users\51700\.m2\repository\org\springframework\boot\spring-boot\2.4.
Launcher Type: SUN_STANDARD

[Global flags]
     intx CICompilerCount                          = 3                                         {product} {ergonomic}
     uint ConcGCThreads                            = 1                                         {product} {ergonomic}
     uint G1ConcRefinementThreads                  = 4                                         {product} {ergonomic}
   size_t G1HeapRegionSize                         = 1048576                                   {product} {ergonomic}
    uintx GCDrainStackTargetSize                   = 64                                        {product} {ergonomic}
   size_t InitialHeapSize                          = 67108864                                  {product} {ergonomic}
   size_t MarkStackSize                            = 4194304                                   {product} {ergonomic}
   size_t MaxHeapSize                              = 1044381696                                {product} {ergonomic}
   size_t MaxNewSize                               = 625999872                                 {product} {ergonomic}
   size_t MinHeapDeltaBytes                        = 1048576                                   {product} {ergonomic}
   size_t MinHeapSize                              = 8388608                                   {product} {ergonomic}
    uintx NonNMethodCodeHeapSize                   = 5832780                                {pd product} {ergonomic}
    uintx NonProfiledCodeHeapSize                  = 122912730                              {pd product} {ergonomic}
    uintx ProfiledCodeHeapSize                     = 122912730                              {pd product} {ergonomic}
    uintx ReservedCodeCacheSize                    = 251658240                              {pd product} {ergonomic}
     bool SegmentedCodeCache                       = true                                      {product} {ergonomic}
   size_t SoftMaxHeapSize                          = 1044381696                             {manageable} {ergonomic}
     bool UseCompressedClassPointers               = true                                 {lp64_product} {ergonomic}
     bool UseCompressedOops                        = true                                 {lp64_product} {ergonomic}
     bool UseG1GC                                  = true                                      {product} {ergonomic}
     bool UseLargePagesIndividualAllocation        = false                                  {pd product} {ergonomic}

Logging:
Log output configuration:
 #0: stdout all=warning uptime,level,tags
 #1: stderr all=off uptime,level,tags

Environment Variables:
JAVA_HOME=C:\Program Files\Java\jdk-15
PATH=D:\ProgramData\Anaconda3;D:\ProgramData\Anaconda3\Library\mingw-w64\bin;D:\ProgramData\Anaconda3\Library\usr\bin;D:\ProgramData\Anaconda3\Library\bin;D:\ProgramData\Anaconda3\Scripts;C:\Program Files (x86)\Common Files\Oracle\Java\javapath;C:\Program Files\Common Files\Oracle\Java\javapath;C:\WINDOWS\system32;C:\WINDOWS;C:\WINDOWS\System32\Wbem;C:\WINDOWS\System32\WindowsPowerShell\v1.0\;C:\WINDOWS\System32\OpenSSH\;C:\Program Files\Java\jdk-15\bin;C:\Users\51700\AppData\Local\Microsoft\WindowsApps;;D:\Program Files\JetBrains\IntelliJ IDEA 2020.2.2\bin;;D:\Program Files\JetBrains\PyCharm 2020.2.3\bin;
USERNAME=51700
OS=Windows_NT
PROCESSOR_IDENTIFIER=Intel64 Family 6 Model 142 Stepping 9, GenuineIntel



---------------  S Y S T E M  ---------------

OS:
 Windows 10 , 64 bit Build 18362 (10.0.18362.1110)
OS uptime: 0 days 22:41 hours

CPU: total 4 (initial active 4) (2 cores per cpu, 2 threads per core) family 6 model 142 stepping 9, cmov, cx8, fxsr, mmx, sse, sse2, sse3, ssse3, sse4.1, sse4.2, popcnt, aes, clmul, erms, 3dnowpref, lzcnt, ht, tsc, tscinvbit, clflush, clflushopt

Memory: 4k page, system-wide physical 3980M (334M free)
TotalPageFile size 11262M (AvailPageFile size 2M)
current process WorkingSet (physical memory assigned to process): 176M, peak: 190M
current process commit charge ("private bytes"): 209M, peak: 226M

vm_info: Java HotSpot(TM) 64-Bit Server VM (15+36-1562) for windows-amd64 JRE (15+36-1562), built on Aug 11 2020 22:38:02 by "mach5one" with unknown MS VC++:1925

END.
